2017-10-10 13:04:31 [127.0.0.1][-][-][error][application] [url:/weixin/msg][post:] [msg:[xml:]<xml><ToUserName><![CDATA[gh_768950528a16]]></ToUserName>
<FromUserName><![CDATA[o2Zz0wplpew1Q5HSSTZhLSECnmAU]]></FromUserName>
<CreateTime>1507611565</CreateTime>
<MsgType><![CDATA[event]]></MsgType>
<Event><![CDATA[subscribe]]></Event>
<EventKey><![CDATA[]]></EventKey>
</xml>]
2017-10-10 13:04:44 [127.0.0.1][-][-][error][application] [url:/weixin/msg][post:] [msg:[xml:]<xml><ToUserName><![CDATA[gh_768950528a16]]></ToUserName>
<FromUserName><![CDATA[o2Zz0wplpew1Q5HSSTZhLSECnmAU]]></FromUserName>
<CreateTime>1507611565</CreateTime>
<MsgType><![CDATA[event]]></MsgType>
<Event><![CDATA[subscribe]]></Event>
<EventKey><![CDATA[]]></EventKey>
</xml>]
2017-10-10 13:05:55 [127.0.0.1][-][-][error][application] [url:/weixin/msg][post:] [msg:[xml:]<xml><ToUserName><![CDATA[gh_768950528a16]]></ToUserName>
<FromUserName><![CDATA[o2Zz0wplpew1Q5HSSTZhLSECnmAU]]></FromUserName>
<CreateTime>1507611565</CreateTime>
<MsgType><![CDATA[event]]></MsgType>
<Event><![CDATA[subscribe]]></Event>
<EventKey><![CDATA[]]></EventKey>
</xml>]
2017-10-10 13:05:59 [127.0.0.1][-][-][error][application] [url:/weixin/msg][post:] [msg:[xml:]<xml><ToUserName><![CDATA[gh_768950528a16]]></ToUserName>
<FromUserName><![CDATA[o2Zz0wplpew1Q5HSSTZhLSECnmAU]]></FromUserName>
<CreateTime>1507611565</CreateTime>
<MsgType><![CDATA[event]]></MsgType>
<Event><![CDATA[subscribe]]></Event>
<EventKey><![CDATA[]]></EventKey>
</xml>]
2017-10-10 13:07:00 [127.0.0.1][-][-][error][application] [url:/weixin/msg][post:] [msg:[xml:]<xml><ToUserName><![CDATA[gh_768950528a16]]></ToUserName>
<FromUserName><![CDATA[o2Zz0wplpew1Q5HSSTZhLSECnmAU]]></FromUserName>
<CreateTime>1507611565</CreateTime>
<MsgType><![CDATA[event]]></MsgType>
<Event><![CDATA[subscribe]]></Event>
<EventKey><![CDATA[]]></EventKey>
</xml>]
2017-10-10 13:07:32 [127.0.0.1][-][-][error][application] [url:/weixin/msg][post:] [msg:[xml:]<xml><ToUserName><![CDATA[gh_768950528a16]]></ToUserName>
<FromUserName><![CDATA[o2Zz0wplpew1Q5HSSTZhLSECnmAU]]></FromUserName>
<CreateTime>1507611565</CreateTime>
<MsgType><![CDATA[event]]></MsgType>
<Event><![CDATA[subscribe]]></Event>
<EventKey><![CDATA[]]></EventKey>
</xml>]
2017-10-10 13:08:55 [127.0.0.1][-][-][error][application] [url:/weixin/msg][post:] [msg:[xml:]<xml><ToUserName><![CDATA[gh_768950528a16]]></ToUserName>
<FromUserName><![CDATA[o2Zz0wplpew1Q5HSSTZhLSECnmAU]]></FromUserName>
<CreateTime>1507611565</CreateTime>
<MsgType><![CDATA[event]]></MsgType>
<Event><![CDATA[subscribe]]></Event>
<EventKey><![CDATA[]]></EventKey>
</xml>]
